2023-01-08 15:21:19,785 [Worker-2: Loading available Gradle versions] INFO  o.e.b.c.i.u.g.PublishedGradleVersions - Gradle version information cache is up-to-date. Trying to read.
2023-01-10 14:32:08,554 [Worker-4: Loading available Gradle versions] INFO  o.e.b.c.i.u.g.PublishedGradleVersions - Gradle version information cache is out-of-date. Trying to update.
2023-01-10 22:06:14,794 [Worker-1: Loading available Gradle versions] INFO  o.e.b.c.i.u.g.PublishedGradleVersions - Gradle version information cache is up-to-date. Trying to read.
2023-01-10 22:12:26,988 [Worker-2: Loading available Gradle versions] INFO  o.e.b.c.i.u.g.PublishedGradleVersions - Gradle version information cache is up-to-date. Trying to read.
2023-01-10 22:13:05,926 [Worker-3: Importing Maven projects] INFO  o.e.m.c.i.l.LifecycleMappingFactory - Using org.maven.ide.eclipse.wtp.WarLifecycleMapping lifecycle mapping for MavenProject: com.adiverse.erp:adiverse-erp-springboot-dit:0.0.1-SNAPSHOT @ C:\Users\kiranmai\Desktop\backend1\naac-backend\pom.xml.
2023-01-10 22:13:07,917 [Worker-3: Importing Maven projects] INFO  o.e.m.j.i.AbstractJavaProjectConfigurator - Adding source folder /adiverse-erp-springboot-dit/src/main/java
2023-01-10 22:13:07,918 [Worker-3: Importing Maven projects] INFO  o.e.m.j.i.AbstractJavaProjectConfigurator - Adding resource folder /adiverse-erp-springboot-dit/src/main/resources
2023-01-10 22:13:07,927 [Worker-3: Importing Maven projects] INFO  o.e.m.j.i.AbstractJavaProjectConfigurator - Adding resource folder /adiverse-erp-springboot-dit/src/main/resources
2023-01-10 22:13:07,943 [Worker-3: Importing Maven projects] INFO  o.e.m.j.i.AbstractJavaProjectConfigurator - Adding source folder /adiverse-erp-springboot-dit/src/test/java
2023-01-10 22:13:12,003 [Worker-3: Importing Maven projects] INFO  o.e.m.c.i.p.ProjectConfigurationManager - Imported and configured 1 project(s) in 7 sec
2023-01-10 22:13:12,457 [Worker-10: Updating Maven Project] INFO  o.e.m.c.i.p.ProjectConfigurationManager - Update started
2023-01-10 22:13:13,104 [Worker-10: Updating Maven Project] INFO  o.e.m.c.i.l.LifecycleMappingFactory - Using org.maven.ide.eclipse.wtp.WarLifecycleMapping lifecycle mapping for MavenProject: com.adiverse.erp:adiverse-erp-springboot-dit:0.0.1-SNAPSHOT @ C:\Users\kiranmai\Desktop\backend1\naac-backend\pom.xml.
2023-01-10 22:13:14,034 [Worker-10: Updating Maven Project] INFO  o.e.m.j.i.AbstractJavaProjectConfigurator - Adding source folder /adiverse-erp-springboot-dit/src/main/java
2023-01-10 22:13:14,035 [Worker-10: Updating Maven Project] INFO  o.e.m.j.i.AbstractJavaProjectConfigurator - Adding resource folder /adiverse-erp-springboot-dit/src/main/resources
2023-01-10 22:13:14,035 [Worker-10: Updating Maven Project] INFO  o.e.m.j.i.AbstractJavaProjectConfigurator - Adding resource folder /adiverse-erp-springboot-dit/src/main/resources
2023-01-10 22:13:14,036 [Worker-10: Updating Maven Project] INFO  o.e.m.j.i.AbstractJavaProjectConfigurator - Adding source folder /adiverse-erp-springboot-dit/src/test/java
2023-01-10 22:13:14,815 [Worker-10: Updating Maven Project] INFO  o.e.m.w.i.f.ResourceFilteringBuildParticipant - Cleaning filtered folder for adiverse-erp-springboot-dit
2023-01-10 22:13:14,827 [Worker-10: Updating Maven Project] INFO  o.e.m.c.i.p.ProjectConfigurationManager - Update completed for 1 poms: local refresh takes 0.00 sec, refresh facades takes 1.00 sec, update config takes 0.00 sec 
2023-01-10 22:13:26,058 [Worker-9: Building] INFO  o.e.m.w.i.f.ResourceFilteringBuildParticipant - Changed resources require a complete clean of filtered resources of adiverse-erp-springboot-dit
2023-01-10 22:13:26,060 [Worker-9: Building] INFO  o.e.m.w.i.f.ResourceFilteringBuildParticipant - Executing resource filtering for adiverse-erp-springboot-dit
2023-01-10 22:13:26,300 [Worker-9: Building] INFO  o.e.m.c.i.embedder.EclipseLogger - Using 'UTF-8' encoding to copy filtered resources.
2023-01-10 22:13:26,300 [Worker-9: Building] INFO  o.e.m.c.i.embedder.EclipseLogger - Using 'UTF-8' encoding to copy filtered properties files.
2023-01-10 22:16:06,539 [Worker-1: Loading available Gradle versions] INFO  o.e.b.c.i.u.g.PublishedGradleVersions - Gradle version information cache is up-to-date. Trying to read.
2023-01-11 10:44:52,058 [Worker-13: Launching adiverse-erp-springboot-dit - AdiverseErpApplication] INFO  o.e.m.c.i.embedder.EclipseLogger - Using 'UTF-8' encoding to copy filtered resources.
2023-01-11 10:44:52,062 [Worker-13: Launching adiverse-erp-springboot-dit - AdiverseErpApplication] INFO  o.e.m.c.i.embedder.EclipseLogger - Using 'UTF-8' encoding to copy filtered properties files.
2023-01-11 10:44:52,066 [Worker-13: Launching adiverse-erp-springboot-dit - AdiverseErpApplication] INFO  o.e.m.c.i.embedder.EclipseLogger - Copying 1 resource
2023-01-11 10:44:52,082 [Worker-13: Launching adiverse-erp-springboot-dit - AdiverseErpApplication] INFO  o.e.m.c.i.embedder.EclipseLogger - Copying 2 resources
2023-01-11 10:44:52,103 [Worker-13: Launching adiverse-erp-springboot-dit - AdiverseErpApplication] INFO  o.e.m.c.i.embedder.EclipseLogger - Not copying test resources
2023-01-11 10:46:47,881 [Worker-21: Launching adiverse-erp-springboot-dit - AdiverseErpApplication] INFO  o.e.m.c.i.embedder.EclipseLogger - Using 'UTF-8' encoding to copy filtered resources.
2023-01-11 10:46:47,882 [Worker-21: Launching adiverse-erp-springboot-dit - AdiverseErpApplication] INFO  o.e.m.c.i.embedder.EclipseLogger - Using 'UTF-8' encoding to copy filtered properties files.
2023-01-11 10:46:47,886 [Worker-21: Launching adiverse-erp-springboot-dit - AdiverseErpApplication] INFO  o.e.m.c.i.embedder.EclipseLogger - Copying 1 resource
2023-01-11 10:46:47,933 [Worker-21: Launching adiverse-erp-springboot-dit - AdiverseErpApplication] INFO  o.e.m.c.i.embedder.EclipseLogger - Copying 0 resource
2023-01-11 10:46:47,938 [Worker-21: Launching adiverse-erp-springboot-dit - AdiverseErpApplication] INFO  o.e.m.c.i.embedder.EclipseLogger - Not copying test resources
2023-01-11 10:54:51,176 [Worker-27: Building] INFO  o.e.m.c.i.embedder.EclipseLogger - Using 'UTF-8' encoding to copy filtered resources.
2023-01-11 10:54:51,177 [Worker-27: Building] INFO  o.e.m.c.i.embedder.EclipseLogger - Using 'UTF-8' encoding to copy filtered properties files.
2023-01-11 10:54:51,177 [Worker-27: Building] INFO  o.e.m.c.i.embedder.EclipseLogger - Copying 0 resource
2023-01-11 10:54:51,177 [Worker-27: Building] INFO  o.e.m.c.i.embedder.EclipseLogger - Copying 0 resource
2023-01-11 10:54:51,180 [Worker-27: Building] INFO  o.e.m.c.i.embedder.EclipseLogger - Not copying test resources
2023-01-13 01:45:06,134 [Worker-4: Loading available Gradle versions] INFO  o.e.b.c.i.u.g.PublishedGradleVersions - Gradle version information cache is out-of-date. Trying to update.
2023-01-13 11:46:32,977 [Worker-8: Building] INFO  o.e.m.c.i.embedder.EclipseLogger - Using 'UTF-8' encoding to copy filtered resources.
2023-01-13 11:46:32,986 [Worker-8: Building] INFO  o.e.m.c.i.embedder.EclipseLogger - Using 'UTF-8' encoding to copy filtered properties files.
2023-01-13 11:46:32,993 [Worker-8: Building] INFO  o.e.m.c.i.embedder.EclipseLogger - Copying 1 resource
2023-01-13 11:46:33,037 [Worker-8: Building] INFO  o.e.m.c.i.embedder.EclipseLogger - Copying 2 resources
2023-01-13 11:46:33,046 [Worker-8: Building] INFO  o.e.m.c.i.embedder.EclipseLogger - Not copying test resources
2023-01-13 11:49:21,197 [Worker-24: Building] INFO  o.e.m.c.i.embedder.EclipseLogger - Using 'UTF-8' encoding to copy filtered resources.
2023-01-13 11:49:21,198 [Worker-24: Building] INFO  o.e.m.c.i.embedder.EclipseLogger - Using 'UTF-8' encoding to copy filtered properties files.
2023-01-13 11:49:21,201 [Worker-24: Building] INFO  o.e.m.c.i.embedder.EclipseLogger - Copying 1 resource
2023-01-13 11:49:21,209 [Worker-24: Building] INFO  o.e.m.c.i.embedder.EclipseLogger - Copying 2 resources
2023-01-13 11:49:21,213 [Worker-24: Building] INFO  o.e.m.c.i.embedder.EclipseLogger - Not copying test resources
2023-01-13 11:49:24,796 [Worker-28: Building] INFO  o.e.m.c.i.embedder.EclipseLogger - Using 'UTF-8' encoding to copy filtered resources.
2023-01-13 11:49:24,796 [Worker-28: Building] INFO  o.e.m.c.i.embedder.EclipseLogger - Using 'UTF-8' encoding to copy filtered properties files.
2023-01-13 11:49:24,796 [Worker-28: Building] INFO  o.e.m.c.i.embedder.EclipseLogger - Copying 0 resource
2023-01-13 11:49:24,796 [Worker-28: Building] INFO  o.e.m.c.i.embedder.EclipseLogger - Copying 0 resource
2023-01-13 11:49:24,799 [Worker-28: Building] INFO  o.e.m.c.i.embedder.EclipseLogger - Not copying test resources
2023-01-13 11:49:57,099 [Worker-23: Building] INFO  o.e.m.c.i.embedder.EclipseLogger - Using 'UTF-8' encoding to copy filtered resources.
2023-01-13 11:49:57,100 [Worker-23: Building] INFO  o.e.m.c.i.embedder.EclipseLogger - Using 'UTF-8' encoding to copy filtered properties files.
2023-01-13 11:49:57,105 [Worker-23: Building] INFO  o.e.m.c.i.embedder.EclipseLogger - Copying 1 resource
2023-01-13 11:49:57,115 [Worker-23: Building] INFO  o.e.m.c.i.embedder.EclipseLogger - Copying 2 resources
2023-01-13 11:49:57,151 [Worker-23: Building] INFO  o.e.m.c.i.embedder.EclipseLogger - Not copying test resources
2023-01-13 12:20:42,273 [Worker-35: Launching adiverse-erp-springboot-dit - AdiverseErpApplication] INFO  o.e.m.c.i.embedder.EclipseLogger - Using 'UTF-8' encoding to copy filtered resources.
2023-01-13 12:20:42,273 [Worker-35: Launching adiverse-erp-springboot-dit - AdiverseErpApplication] INFO  o.e.m.c.i.embedder.EclipseLogger - Using 'UTF-8' encoding to copy filtered properties files.
2023-01-13 12:20:42,275 [Worker-35: Launching adiverse-erp-springboot-dit - AdiverseErpApplication] INFO  o.e.m.c.i.embedder.EclipseLogger - Copying 1 resource
2023-01-13 12:20:42,311 [Worker-35: Launching adiverse-erp-springboot-dit - AdiverseErpApplication] INFO  o.e.m.c.i.embedder.EclipseLogger - Copying 2 resources
2023-01-13 12:20:42,317 [Worker-35: Launching adiverse-erp-springboot-dit - AdiverseErpApplication] INFO  o.e.m.c.i.embedder.EclipseLogger - Not copying test resources
2023-01-13 12:50:11,692 [Worker-40: Building] INFO  o.e.m.c.i.embedder.EclipseLogger - Using 'UTF-8' encoding to copy filtered resources.
2023-01-13 12:50:11,692 [Worker-40: Building] INFO  o.e.m.c.i.embedder.EclipseLogger - Using 'UTF-8' encoding to copy filtered properties files.
2023-01-13 12:50:11,693 [Worker-40: Building] INFO  o.e.m.c.i.embedder.EclipseLogger - Copying 1 resource
2023-01-13 12:50:11,716 [Worker-40: Building] INFO  o.e.m.c.i.embedder.EclipseLogger - Copying 2 resources
2023-01-13 12:50:11,719 [Worker-40: Building] INFO  o.e.m.c.i.embedder.EclipseLogger - Not copying test resources
2023-01-13 13:09:51,394 [Worker-36: Building] INFO  o.e.m.c.i.embedder.EclipseLogger - Using 'UTF-8' encoding to copy filtered resources.
2023-01-13 13:09:51,394 [Worker-36: Building] INFO  o.e.m.c.i.embedder.EclipseLogger - Using 'UTF-8' encoding to copy filtered properties files.
2023-01-13 13:09:51,395 [Worker-36: Building] INFO  o.e.m.c.i.embedder.EclipseLogger - Copying 1 resource
2023-01-13 13:09:51,427 [Worker-36: Building] INFO  o.e.m.c.i.embedder.EclipseLogger - Copying 2 resources
2023-01-13 13:09:51,431 [Worker-36: Building] INFO  o.e.m.c.i.embedder.EclipseLogger - Not copying test resources
2023-01-13 14:15:39,504 [Worker-61: Building] INFO  o.e.m.c.i.embedder.EclipseLogger - Using 'UTF-8' encoding to copy filtered resources.
2023-01-13 14:15:39,507 [Worker-61: Building] INFO  o.e.m.c.i.embedder.EclipseLogger - Using 'UTF-8' encoding to copy filtered properties files.
2023-01-13 14:15:39,508 [Worker-61: Building] INFO  o.e.m.c.i.embedder.EclipseLogger - Copying 1 resource
2023-01-13 14:15:39,552 [Worker-61: Building] INFO  o.e.m.c.i.embedder.EclipseLogger - Copying 2 resources
2023-01-13 14:15:39,556 [Worker-61: Building] INFO  o.e.m.c.i.embedder.EclipseLogger - Not copying test resources
2023-01-13 14:16:40,041 [Worker-58: Building] INFO  o.e.m.c.i.embedder.EclipseLogger - Using 'UTF-8' encoding to copy filtered resources.
2023-01-13 14:16:40,042 [Worker-58: Building] INFO  o.e.m.c.i.embedder.EclipseLogger - Using 'UTF-8' encoding to copy filtered properties files.
2023-01-13 14:16:40,043 [Worker-58: Building] INFO  o.e.m.c.i.embedder.EclipseLogger - Copying 1 resource
2023-01-13 14:16:40,064 [Worker-58: Building] INFO  o.e.m.c.i.embedder.EclipseLogger - Copying 2 resources
2023-01-13 14:16:40,068 [Worker-58: Building] INFO  o.e.m.c.i.embedder.EclipseLogger - Not copying test resources
2023-01-13 14:17:51,550 [Worker-52: Building] INFO  o.e.m.c.i.embedder.EclipseLogger - Using 'UTF-8' encoding to copy filtered resources.
2023-01-13 14:17:51,551 [Worker-52: Building] INFO  o.e.m.c.i.embedder.EclipseLogger - Using 'UTF-8' encoding to copy filtered properties files.
2023-01-13 14:17:51,552 [Worker-52: Building] INFO  o.e.m.c.i.embedder.EclipseLogger - Copying 1 resource
2023-01-13 14:17:51,559 [Worker-52: Building] INFO  o.e.m.c.i.embedder.EclipseLogger - Copying 2 resources
2023-01-13 14:17:51,563 [Worker-52: Building] INFO  o.e.m.c.i.embedder.EclipseLogger - Not copying test resources
2023-01-13 14:41:08,216 [Worker-70: Building] INFO  o.e.m.c.i.embedder.EclipseLogger - Using 'UTF-8' encoding to copy filtered resources.
2023-01-13 14:41:08,221 [Worker-70: Building] INFO  o.e.m.c.i.embedder.EclipseLogger - Using 'UTF-8' encoding to copy filtered properties files.
2023-01-13 14:41:08,224 [Worker-70: Building] INFO  o.e.m.c.i.embedder.EclipseLogger - Copying 1 resource
2023-01-13 14:41:08,297 [Worker-70: Building] INFO  o.e.m.c.i.embedder.EclipseLogger - Copying 2 resources
2023-01-13 14:41:08,304 [Worker-70: Building] INFO  o.e.m.c.i.embedder.EclipseLogger - Not copying test resources
2023-01-13 16:14:50,789 [Worker-83: Building] INFO  o.e.m.c.i.embedder.EclipseLogger - Using 'UTF-8' encoding to copy filtered resources.
2023-01-13 16:14:50,789 [Worker-83: Building] INFO  o.e.m.c.i.embedder.EclipseLogger - Using 'UTF-8' encoding to copy filtered properties files.
2023-01-13 16:14:50,792 [Worker-83: Building] INFO  o.e.m.c.i.embedder.EclipseLogger - Copying 1 resource
2023-01-13 16:14:50,813 [Worker-83: Building] INFO  o.e.m.c.i.embedder.EclipseLogger - Copying 2 resources
2023-01-13 16:14:50,819 [Worker-83: Building] INFO  o.e.m.c.i.embedder.EclipseLogger - Not copying test resources
2023-01-13 16:15:06,798 [Worker-82: Building] INFO  o.e.m.c.i.embedder.EclipseLogger - Using 'UTF-8' encoding to copy filtered resources.
2023-01-13 16:15:06,798 [Worker-82: Building] INFO  o.e.m.c.i.embedder.EclipseLogger - Using 'UTF-8' encoding to copy filtered properties files.
2023-01-13 16:15:06,800 [Worker-82: Building] INFO  o.e.m.c.i.embedder.EclipseLogger - Copying 1 resource
2023-01-13 16:15:06,808 [Worker-82: Building] INFO  o.e.m.c.i.embedder.EclipseLogger - Copying 2 resources
2023-01-13 16:15:06,817 [Worker-82: Building] INFO  o.e.m.c.i.embedder.EclipseLogger - Not copying test resources
2023-01-13 16:15:27,453 [Worker-76: Building] INFO  o.e.m.c.i.embedder.EclipseLogger - Using 'UTF-8' encoding to copy filtered resources.
2023-01-13 16:15:27,454 [Worker-76: Building] INFO  o.e.m.c.i.embedder.EclipseLogger - Using 'UTF-8' encoding to copy filtered properties files.
2023-01-13 16:15:27,455 [Worker-76: Building] INFO  o.e.m.c.i.embedder.EclipseLogger - Copying 1 resource
2023-01-13 16:15:27,479 [Worker-76: Building] INFO  o.e.m.c.i.embedder.EclipseLogger - Copying 2 resources
2023-01-13 16:15:27,525 [Worker-76: Building] INFO  o.e.m.c.i.embedder.EclipseLogger - Not copying test resources
2023-01-13 16:20:28,829 [Worker-83: Building] INFO  o.e.m.c.i.embedder.EclipseLogger - Using 'UTF-8' encoding to copy filtered resources.
2023-01-13 16:20:28,830 [Worker-83: Building] INFO  o.e.m.c.i.embedder.EclipseLogger - Using 'UTF-8' encoding to copy filtered properties files.
2023-01-13 16:20:28,831 [Worker-83: Building] INFO  o.e.m.c.i.embedder.EclipseLogger - Copying 1 resource
2023-01-13 16:20:28,843 [Worker-83: Building] INFO  o.e.m.c.i.embedder.EclipseLogger - Copying 2 resources
2023-01-13 16:20:28,850 [Worker-83: Building] INFO  o.e.m.c.i.embedder.EclipseLogger - Not copying test resources
2023-01-13 16:22:21,329 [Worker-86: Building] INFO  o.e.m.c.i.embedder.EclipseLogger - Using 'UTF-8' encoding to copy filtered resources.
2023-01-13 16:22:21,329 [Worker-86: Building] INFO  o.e.m.c.i.embedder.EclipseLogger - Using 'UTF-8' encoding to copy filtered properties files.
2023-01-13 16:22:21,331 [Worker-86: Building] INFO  o.e.m.c.i.embedder.EclipseLogger - Copying 1 resource
2023-01-13 16:22:21,341 [Worker-86: Building] INFO  o.e.m.c.i.embedder.EclipseLogger - Copying 2 resources
2023-01-13 16:22:21,349 [Worker-86: Building] INFO  o.e.m.c.i.embedder.EclipseLogger - Not copying test resources
2023-01-13 16:23:01,400 [Worker-84: Building] INFO  o.e.m.c.i.embedder.EclipseLogger - Using 'UTF-8' encoding to copy filtered resources.
2023-01-13 16:23:01,400 [Worker-84: Building] INFO  o.e.m.c.i.embedder.EclipseLogger - Using 'UTF-8' encoding to copy filtered properties files.
2023-01-13 16:23:01,402 [Worker-84: Building] INFO  o.e.m.c.i.embedder.EclipseLogger - Copying 1 resource
2023-01-13 16:23:01,412 [Worker-84: Building] INFO  o.e.m.c.i.embedder.EclipseLogger - Copying 2 resources
2023-01-13 16:23:01,417 [Worker-84: Building] INFO  o.e.m.c.i.embedder.EclipseLogger - Not copying test resources
2023-01-13 16:24:29,924 [Worker-88: Launching adiverse-erp-springboot-dit - AdiverseErpApplication] INFO  o.e.m.c.i.embedder.EclipseLogger - Using 'UTF-8' encoding to copy filtered resources.
2023-01-13 16:24:29,926 [Worker-88: Launching adiverse-erp-springboot-dit - AdiverseErpApplication] INFO  o.e.m.c.i.embedder.EclipseLogger - Using 'UTF-8' encoding to copy filtered properties files.
2023-01-13 16:24:29,928 [Worker-88: Launching adiverse-erp-springboot-dit - AdiverseErpApplication] INFO  o.e.m.c.i.embedder.EclipseLogger - Copying 1 resource
2023-01-13 16:24:29,938 [Worker-88: Launching adiverse-erp-springboot-dit - AdiverseErpApplication] INFO  o.e.m.c.i.embedder.EclipseLogger - Copying 2 resources
2023-01-13 16:24:29,945 [Worker-88: Launching adiverse-erp-springboot-dit - AdiverseErpApplication] INFO  o.e.m.c.i.embedder.EclipseLogger - Not copying test resources
2023-01-13 16:27:14,942 [Worker-87: Building] INFO  o.e.m.c.i.embedder.EclipseLogger - Using 'UTF-8' encoding to copy filtered resources.
2023-01-13 16:27:14,943 [Worker-87: Building] INFO  o.e.m.c.i.embedder.EclipseLogger - Using 'UTF-8' encoding to copy filtered properties files.
2023-01-13 16:27:14,945 [Worker-87: Building] INFO  o.e.m.c.i.embedder.EclipseLogger - Copying 1 resource
2023-01-13 16:27:14,956 [Worker-87: Building] INFO  o.e.m.c.i.embedder.EclipseLogger - Copying 2 resources
2023-01-13 16:27:14,966 [Worker-87: Building] INFO  o.e.m.c.i.embedder.EclipseLogger - Not copying test resources
2023-01-13 18:43:25,033 [Worker-107: Building] INFO  o.e.m.c.i.embedder.EclipseLogger - Using 'UTF-8' encoding to copy filtered resources.
2023-01-13 18:43:25,037 [Worker-107: Building] INFO  o.e.m.c.i.embedder.EclipseLogger - Using 'UTF-8' encoding to copy filtered properties files.
2023-01-13 18:43:25,041 [Worker-107: Building] INFO  o.e.m.c.i.embedder.EclipseLogger - Copying 1 resource
2023-01-13 18:43:25,380 [Worker-107: Building] INFO  o.e.m.c.i.embedder.EclipseLogger - Copying 2 resources
2023-01-13 18:43:25,387 [Worker-107: Building] INFO  o.e.m.c.i.embedder.EclipseLogger - Not copying test resources
2023-01-14 17:48:18,556 [Worker-128: Launching adiverse-erp-springboot-dit - AdiverseErpApplication] INFO  o.e.m.c.i.embedder.EclipseLogger - Using 'UTF-8' encoding to copy filtered resources.
2023-01-14 17:48:18,558 [Worker-128: Launching adiverse-erp-springboot-dit - AdiverseErpApplication] INFO  o.e.m.c.i.embedder.EclipseLogger - Using 'UTF-8' encoding to copy filtered properties files.
2023-01-14 17:48:18,562 [Worker-128: Launching adiverse-erp-springboot-dit - AdiverseErpApplication] INFO  o.e.m.c.i.embedder.EclipseLogger - Copying 1 resource
2023-01-14 17:48:18,660 [Worker-128: Launching adiverse-erp-springboot-dit - AdiverseErpApplication] INFO  o.e.m.c.i.embedder.EclipseLogger - Copying 2 resources
2023-01-14 17:48:18,713 [Worker-128: Launching adiverse-erp-springboot-dit - AdiverseErpApplication] INFO  o.e.m.c.i.embedder.EclipseLogger - Not copying test resources
2023-01-14 18:00:58,785 [Worker-0: Loading available Gradle versions] INFO  o.e.b.c.i.u.g.PublishedGradleVersions - Gradle version information cache is out-of-date. Trying to update.
2023-01-14 18:01:22,547 [Worker-7: Building] INFO  o.e.m.c.i.embedder.EclipseLogger - Using 'UTF-8' encoding to copy filtered resources.
2023-01-14 18:01:22,548 [Worker-7: Building] INFO  o.e.m.c.i.embedder.EclipseLogger - Using 'UTF-8' encoding to copy filtered properties files.
2023-01-14 18:01:22,552 [Worker-7: Building] INFO  o.e.m.c.i.embedder.EclipseLogger - Copying 1 resource
2023-01-14 18:01:22,593 [Worker-7: Building] INFO  o.e.m.c.i.embedder.EclipseLogger - Copying 2 resources
2023-01-14 18:01:22,603 [Worker-7: Building] INFO  o.e.m.c.i.embedder.EclipseLogger - Not copying test resources
2023-01-14 19:39:42,355 [Worker-13: Building] INFO  o.e.m.c.i.embedder.EclipseLogger - Using 'UTF-8' encoding to copy filtered resources.
2023-01-14 19:39:42,357 [Worker-13: Building] INFO  o.e.m.c.i.embedder.EclipseLogger - Using 'UTF-8' encoding to copy filtered properties files.
2023-01-14 19:39:42,371 [Worker-13: Building] INFO  o.e.m.c.i.embedder.EclipseLogger - Copying 0 resource
2023-01-14 19:39:42,372 [Worker-13: Building] INFO  o.e.m.c.i.embedder.EclipseLogger - Copying 0 resource
2023-01-14 19:39:42,376 [Worker-13: Building] INFO  o.e.m.c.i.embedder.EclipseLogger - Not copying test resources
2023-01-16 12:38:50,576 [Worker-5: Loading available Gradle versions] INFO  o.e.b.c.i.u.g.PublishedGradleVersions - Gradle version information cache is out-of-date. Trying to update.
2023-01-16 12:38:50,905 [Worker-5: Loading available Gradle versions] INFO  o.e.b.c.i.u.g.PublishedGradleVersions - Updating Gradle version information cache failed. Using outdated cache.
2023-01-17 10:05:23,408 [Worker-5: Loading available Gradle versions] INFO  o.e.b.c.i.u.g.PublishedGradleVersions - Gradle version information cache is out-of-date. Trying to update.
2023-03-25 15:43:05,624 [Worker-4: Loading available Gradle versions] INFO  o.e.b.c.i.u.g.PublishedGradleVersions - Gradle version information cache is out-of-date. Trying to update.
2023-03-25 15:43:06,000 [Worker-4: Loading available Gradle versions] INFO  o.e.b.c.i.u.g.PublishedGradleVersions - Updating Gradle version information cache failed. Using outdated cache.
2023-03-25 16:19:30,412 [Worker-5: Loading available Gradle versions] INFO  o.e.b.c.i.u.g.PublishedGradleVersions - Gradle version information cache is out-of-date. Trying to update.
2023-03-25 16:19:30,808 [Worker-5: Loading available Gradle versions] INFO  o.e.b.c.i.u.g.PublishedGradleVersions - Updating Gradle version information cache failed. Using outdated cache.
2023-03-25 16:19:37,544 [Worker-10: Building] INFO  o.e.m.c.i.embedder.EclipseLogger - Using 'UTF-8' encoding to copy filtered resources.
2023-03-25 16:19:37,545 [Worker-10: Building] INFO  o.e.m.c.i.embedder.EclipseLogger - Using 'UTF-8' encoding to copy filtered properties files.
2023-03-25 16:19:37,549 [Worker-10: Building] INFO  o.e.m.c.i.embedder.EclipseLogger - Copying 1 resource
2023-03-25 16:19:37,575 [Worker-10: Building] INFO  o.e.m.c.i.embedder.EclipseLogger - Copying 2 resources
2023-03-25 16:19:37,580 [Worker-10: Building] INFO  o.e.m.c.i.embedder.EclipseLogger - Not copying test resources
